<?xml version="1.0" encoding="UTF-8"?>
<!-- Generated by org.testng.reporters.JUnitReportReporter -->
<testsuite hostname="LAPTOP-7E6OCLEQ" name="example.NewTest" tests="1" failures="0" timestamp="29 Oct 2021 05:43:27 GMT" time="8.757" errors="0">
  <testcase name="testEasy" time="8.757" classname="example.NewTest"/>
</testsuite> <!-- example.NewTest -->
