<?xml version="1.0" encoding="UTF-8"?>
<!-- Generated by org.testng.reporters.JUnitReportReporter -->
<testsuite hostname="LAPTOP-7E6OCLEQ" name="example.NewTest" tests="1" failures="0" timestamp="1 Nov 2021 02:20:47 GMT" time="11.738" errors="0">
  <testcase name="testEasy" time="11.738" classname="example.NewTest"/>
</testsuite> <!-- example.NewTest -->
