<?xml version="1.0" encoding="UTF-8"?>
<!-- Generated by org.testng.reporters.JUnitReportReporter -->
<testsuite hostname="LAPTOP-7E6OCLEQ" name="example2.NewTest" tests="1" failures="0" timestamp="12 Oct 2021 10:22:45 GMT" time="11.270" errors="0">
  <testcase name="testEasy" time="11.270" classname="example2.NewTest"/>
</testsuite> <!-- example2.NewTest -->
