<?xml version="1.0" encoding="UTF-8"?>
<!-- Generated by org.testng.reporters.JUnitReportReporter -->
<testsuite hostname="LAPTOP-7E6OCLEQ" name="testng.Test2" tests="1" failures="0" timestamp="5 Oct 2021 06:33:45 GMT" time="0.024" errors="0">
  <testcase name="test4" time="0.024" classname="testng.Test2"/>
</testsuite> <!-- testng.Test2 -->
