<?xml version="1.0" encoding="UTF-8"?>
<!-- Generated by org.testng.reporters.JUnitReportReporter -->
<testsuite hostname="LAPTOP-7E6OCLEQ" name="testng.Personal_loan" tests="3" failures="0" timestamp="5 Oct 2021 07:11:41 GMT" time="0.018" errors="0">
  <testcase name="APILoginPersonalLoan" time="0.015" classname="testng.Personal_loan"/>
  <testcase name="MobileLoginPersonalLoan" time="0.002" classname="testng.Personal_loan"/>
  <testcase name="WebLoginPersonalLoan" time="0.001" classname="testng.Personal_loan"/>
</testsuite> <!-- testng.Personal_loan -->
