<?xml version="1.0" encoding="UTF-8"?>
<!-- Generated by org.testng.reporters.JUnitReportReporter -->
<testsuite hostname="LAPTOP-7E6OCLEQ" name="testng.Test1" tests="2" failures="0" timestamp="5 Oct 2021 06:33:40 GMT" time="0.015" errors="0">
  <testcase name="test1" time="0.014" classname="testng.Test1"/>
  <testcase name="test2" time="0.001" classname="testng.Test1"/>
</testsuite> <!-- testng.Test1 -->
