<?xml version="1.0" encoding="UTF-8"?>
<!-- Generated by org.testng.reporters.JUnitReportReporter -->
<testsuite hostname="LAPTOP-7E6OCLEQ" name="testng.Car_loan" tests="3" failures="0" timestamp="5 Oct 2021 06:33:08 GMT" time="0.018" errors="0">
  <testcase name="APILoginCarLoan" time="0.013" classname="testng.Car_loan"/>
  <testcase name="MobileLoginCarLoan" time="0.002" classname="testng.Car_loan"/>
  <testcase name="WebLoginCarLoan" time="0.003" classname="testng.Car_loan"/>
</testsuite> <!-- testng.Car_loan -->
