<?xml version="1.0" encoding="UTF-8"?>
<!-- Generated by org.testng.reporters.JUnitReportReporter -->
<testsuite hostname="LAPTOP-7E6OCLEQ" name="testng.Home_loan" tests="3" failures="0" timestamp="5 Oct 2021 06:33:21 GMT" time="0.015" errors="0">
  <testcase name="APILoginHomeLoan" time="0.012" classname="testng.Home_loan"/>
  <testcase name="MobileLoginHomeLoan" time="0.002" classname="testng.Home_loan"/>
  <testcase name="WebLoginHomeLoan" time="0.001" classname="testng.Home_loan"/>
</testsuite> <!-- testng.Home_loan -->
