<?xml version="1.0" encoding="UTF-8"?>
<!-- Generated by org.testng.reporters.JUnitReportReporter -->
<testsuite hostname="LAPTOP-7E6OCLEQ" name="testng.Test3" tests="2" failures="0" timestamp="5 Oct 2021 06:33:50 GMT" time="0.016" errors="0">
  <testcase name="hello6" time="0.015" classname="testng.Test3"/>
  <testcase name="test5" time="0.001" classname="testng.Test3"/>
</testsuite> <!-- testng.Test3 -->
