<?xml version="1.0" encoding="UTF-8"?>
<!-- Generated by org.testng.reporters.JUnitReportReporter -->
<testsuite skipped="0" hostname="LAPTOP-7E6OCLEQ" name="example.NewTest" tests="1" failures="0" timestamp="7 Oct 2021 06:31:38 GMT" time="4.069" errors="0">
  <testcase name="testEasy" time="4.069" classname="example.NewTest"/>
</testsuite> <!-- example.NewTest -->
